1595424571144	mozrunner::runner	INFO	Running command: "/usr/bin/firefox" "-marionette" "-foreground" "-no-remote" "-profile" "/tmp/rust_mozprofilevEAkjF"
libGL error: No matching fbConfigs or visuals found
libGL error: failed to load driver: swrast

(firefox:29982): LIBDBUSMENU-GLIB-WARNING **: 15:29:36.294: Unable to get session bus: Failed to execute child process “dbus-launch” (No such file or directory)
1595424579783	Marionette	INFO	Listening on port 33643
1595424579881	Marionette	WARN	TLS certificate errors will be ignored for this session
JavaScript error: , line 0: TypeError: NetworkError when attempting to fetch resource.
1595424770214	Marionette	INFO	Stopped listening on port 33643
1595490877688	mozrunner::runner	INFO	Running command: "/usr/bin/firefox" "-marionette" "-foreground" "-no-remote" "-profile" "/tmp/rust_mozprofileBLYM1K"
Error: no DISPLAY environment variable specified
1595491066564	mozrunner::runner	INFO	Running command: "/usr/bin/firefox" "-marionette" "-foreground" "-no-remote" "-profile" "/tmp/rust_mozprofilexxJgXF"
Error: no DISPLAY environment variable specified
1595491470835	mozrunner::runner	INFO	Running command: "/usr/bin/firefox" "-marionette" "-foreground" "-no-remote" "-profile" "/tmp/rust_mozprofile0wkL2w"
Error: no DISPLAY environment variable specified
1595491543148	mozrunner::runner	INFO	Running command: "/usr/bin/firefox" "-marionette" "-foreground" "-no-remote" "-profile" "/tmp/rust_mozprofilexpk8bw"
libGL error: No matching fbConfigs or visuals found
libGL error: failed to load driver: swrast

(firefox:540): LIBDBUSMENU-GLIB-WARNING **: 10:05:51.234: Unable to get session bus: Failed to execute child process “dbus-launch” (No such file or directory)
1595491556006	Marionette	INFO	Listening on port 45089
1595491556078	Marionette	WARN	TLS certificate errors will be ignored for this session
1595491563096	Marionette	WARN	TimedPromise timed out after 500 ms: stacktrace:
TimedPromise/<@chrome://marionette/content/sync.js:245:13
TimedPromise@chrome://marionette/content/sync.js:230:10
interaction.flushEventLoop@chrome://marionette/content/interaction.js:416:10
webdriverClickElement@chrome://marionette/content/interaction.js:182:31
JavaScript error: , line 0: TypeError: NetworkError when attempting to fetch resource.
1595491592429	Marionette	INFO	Stopped listening on port 45089
1595512987777	mozrunner::runner	INFO	Running command: "/usr/bin/firefox" "-marionette" "-headless" "-foreground" "-no-remote" "-profile" "/tmp/rust_mozprofilepVWQtV"
*** You are running in headless mode.
1595512991604	Marionette	INFO	Listening on port 35605
1595512991688	Marionette	WARN	TLS certificate errors will be ignored for this session
JavaScript error: , line 0: TypeError: NetworkError when attempting to fetch resource.
1595513005663	Marionette	INFO	Stopped listening on port 35605
JavaScript error: https://cache.willhaben.at/clientscript/global_WHIAD_1207_1-284362.js, line 4479: TypeError: window.matchMedia(...) is null
JavaScript error: https://cache.willhaben.at/da/advertising.1cc4c4322e2a9d8aff52.js, line 1: NS_ERROR_NOT_INITIALIZED: 
1595513058661	mozrunner::runner	INFO	Running command: "/usr/bin/firefox" "-marionette" "-headless" "-foreground" "-no-remote" "-profile" "/tmp/rust_mozprofileswX8Oh"
*** You are running in headless mode.
1595513061471	Marionette	INFO	Listening on port 46517
1595513062395	Marionette	WARN	TLS certificate errors will be ignored for this session
1595513089863	Marionette	INFO	Stopped listening on port 46517
1595513667113	mozrunner::runner	INFO	Running command: "/usr/bin/firefox" "-marionette" "-foreground" "-no-remote" "-profile" "/tmp/rust_mozprofile1J162F"
Unable to init server: Broadway display type not supported: horus:10.0
Error: cannot open display: horus:10.0
1595514022216	mozrunner::runner	INFO	Running command: "/usr/bin/firefox" "-marionette" "-foreground" "-no-remote" "-profile" "/tmp/rust_mozprofileNWh79N"

(firefox:7500): LIBDBUSMENU-GLIB-WARNING **: 16:20:23.939: Unable to get session bus: Failed to execute child process “dbus-launch” (No such file or directory)
1595514027771	Marionette	INFO	Listening on port 41223
1595514027829	Marionette	WARN	TLS certificate errors will be ignored for this session
JavaScript error: , line 0: TypeError: NetworkError when attempting to fetch resource.
1595514059454	Marionette	INFO	Stopped listening on port 41223
1595514828191	mozrunner::runner	INFO	Running command: "/usr/bin/firefox" "-marionette" "-headless" "-foreground" "-no-remote" "-profile" "/tmp/rust_mozprofileis0nVU"
*** You are running in headless mode.
1595514831639	Marionette	INFO	Listening on port 45483
1595514831701	Marionette	WARN	TLS certificate errors will be ignored for this session
1595514845355	Marionette	WARN	TimedPromise timed out after 500 ms: stacktrace:
TimedPromise/<@chrome://marionette/content/sync.js:245:13
TimedPromise@chrome://marionette/content/sync.js:230:10
interaction.flushEventLoop@chrome://marionette/content/interaction.js:416:10
webdriverClickElement@chrome://marionette/content/interaction.js:182:31
1595515028817	Marionette	INFO	Stopped listening on port 45483
1595515375484	mozrunner::runner	INFO	Running command: "/usr/bin/firefox" "-marionette" "-headless" "-foreground" "-no-remote" "-profile" "/tmp/rust_mozprofileBeofoz"
*** You are running in headless mode.
1595515378985	Marionette	INFO	Listening on port 44535
1595515378997	Marionette	WARN	TLS certificate errors will be ignored for this session
JavaScript error: , line 0: TypeError: NetworkError when attempting to fetch resource.
1595515397028	Marionette	INFO	Stopped listening on port 44535
JavaScript error: https://cache.willhaben.at/clientscript/global_WHIAD_1207_1-284362.js, line 4479: TypeError: window.matchMedia(...) is null
JavaScript error: https://cache.willhaben.at/da/advertising.1cc4c4322e2a9d8aff52.js, line 1: NS_ERROR_NOT_INITIALIZED: 
1595516272866	mozrunner::runner	INFO	Running command: "/usr/bin/firefox" "-marionette" "-headless" "-foreground" "-no-remote" "-profile" "/tmp/rust_mozprofileJbQyGK"
*** You are running in headless mode.
1595516276259	Marionette	INFO	Listening on port 42227
1595516276276	Marionette	WARN	TLS certificate errors will be ignored for this session
JavaScript error: , line 0: TypeError: NetworkError when attempting to fetch resource.
JavaScript error: , line 0: TypeError: NetworkError when attempting to fetch resource.
1595516294373	Marionette	WARN	TimedPromise timed out after 500 ms: stacktrace:
TimedPromise/<@chrome://marionette/content/sync.js:245:13
TimedPromise@chrome://marionette/content/sync.js:230:10
interaction.flushEventLoop@chrome://marionette/content/interaction.js:416:10
webdriverClickElement@chrome://marionette/content/interaction.js:182:31
1595516483007	Marionette	INFO	Stopped listening on port 42227
1595517598460	mozrunner::runner	INFO	Running command: "/usr/bin/firefox" "-marionette" "-headless" "-foreground" "-no-remote" "-profile" "/tmp/rust_mozprofile8Neb5X"
*** You are running in headless mode.
1595517602020	Marionette	INFO	Listening on port 39061
1595517602070	Marionette	WARN	TLS certificate errors will be ignored for this session
JavaScript error: https://acdn.adnxs.com/ast/mediation/0.31.0/mediation.js, line 2: TypeError: n is undefined
JavaScript error: https://acdn.adnxs.com/ast/mediation/0.31.0/mediation.js, line 2: TypeError: n is undefined
1595517620323	Marionette	INFO	Stopped listening on port 39061
JavaScript error: https://cache.willhaben.at/clientscript/global_WHIAD_1207_1-284362.js, line 4479: TypeError: window.matchMedia(...) is null

###!!! [Child][RunMessage] Error: Channel closing: too late to send/recv, messages will be lost


###!!! [Child][RunMessage] Error: Channel closing: too late to send/recv, messages will be lost


###!!! [Child][RunMessage] Error: Channel closing: too late to send/recv, messages will be lost


###!!! [Child][RunMessage] Error: Channel closing: too late to send/recv, messages will be lost


###!!! [Child][RunMessage] Error: Channel closing: too late to send/recv, messages will be lost


###!!! [Child][RunMessage] Error: Channel closing: too late to send/recv, messages will be lost


###!!! [Child][RunMessage] Error: Channel closing: too late to send/recv, messages will be lost


###!!! [Child][RunMessage] Error: Channel closing: too late to send/recv, messages will be lost


###!!! [Child][RunMessage] Error: Channel closing: too late to send/recv, messages will be lost


###!!! [Child][RunMessage] Error: Channel closing: too late to send/recv, messages will be lost


###!!! [Child][RunMessage] Error: Channel closing: too late to send/recv, messages will be lost


###!!! [Child][RunMessage] Error: Channel closing: too late to send/recv, messages will be lost


###!!! [Child][RunMessage] Error: Channel closing: too late to send/recv, messages will be lost


###!!! [Child][RunMessage] Error: Channel closing: too late to send/recv, messages will be lost


###!!! [Child][RunMessage] Error: Channel closing: too late to send/recv, messages will be lost


###!!! [Child][RunMessage] Error: Channel closing: too late to send/recv, messages will be lost


###!!! [Child][RunMessage] Error: Channel closing: too late to send/recv, messages will be lost


###!!! [Child][RunMessage] Error: Channel closing: too late to send/recv, messages will be lost


###!!! [Child][RunMessage] Error: Channel closing: too late to send/recv, messages will be lost


###!!! [Child][RunMessage] Error: Channel closing: too late to send/recv, messages will be lost


###!!! [Child][RunMessage] Error: Channel closing: too late to send/recv, messages will be lost


###!!! [Child][RunMessage] Error: Channel closing: too late to send/recv, messages will be lost


###!!! [Child][RunMessage] Error: Channel closing: too late to send/recv, messages will be lost


###!!! [Child][RunMessage] Error: Channel closing: too late to send/recv, messages will be lost


###!!! [Child][RunMessage] Error: Channel closing: too late to send/recv, messages will be lost


###!!! [Child][RunMessage] Error: Channel closing: too late to send/recv, messages will be lost


###!!! [Child][RunMessage] Error: Channel closing: too late to send/recv, messages will be lost


###!!! [Child][RunMessage] Error: Channel closing: too late to send/recv, messages will be lost


###!!! [Child][RunMessage] Error: Channel closing: too late to send/recv, messages will be lost


###!!! [Child][RunMessage] Error: Channel closing: too late to send/recv, messages will be lost


###!!! [Child][RunMessage] Error: Channel closing: too late to send/recv, messages will be lost


###!!! [Child][RunMessage] Error: Channel closing: too late to send/recv, messages will be lost


###!!! [Child][RunMessage] Error: Channel closing: too late to send/recv, messages will be lost


###!!! [Child][RunMessage] Error: Channel closing: too late to send/recv, messages will be lost


###!!! [Child][RunMessage] Error: Channel closing: too late to send/recv, messages will be lost


###!!! [Child][RunMessage] Error: Channel closing: too late to send/recv, messages will be lost


###!!! [Child][RunMessage] Error: Channel closing: too late to send/recv, messages will be lost


###!!! [Child][RunMessage] Error: Channel closing: too late to send/recv, messages will be lost


###!!! [Child][RunMessage] Error: Channel closing: too late to send/recv, messages will be lost


###!!! [Child][RunMessage] Error: Channel closing: too late to send/recv, messages will be lost


###!!! [Child][RunMessage] Error: Channel closing: too late to send/recv, messages will be lost


###!!! [Child][RunMessage] Error: Channel closing: too late to send/recv, messages will be lost


###!!! [Child][RunMessage] Error: Channel closing: too late to send/recv, messages will be lost


###!!! [Child][RunMessage] Error: Channel closing: too late to send/recv, messages will be lost


###!!! [Child][RunMessage] Error: Channel closing: too late to send/recv, messages will be lost


###!!! [Child][RunMessage] Error: Channel closing: too late to send/recv, messages will be lost


###!!! [Child][RunMessage] Error: Channel closing: too late to send/recv, messages will be lost


###!!! [Child][RunMessage] Error: Channel closing: too late to send/recv, messages will be lost


###!!! [Child][RunMessage] Error: Channel closing: too late to send/recv, messages will be lost


###!!! [Child][RunMessage] Error: Channel closing: too late to send/recv, messages will be lost


###!!! [Child][RunMessage] Error: Channel closing: too late to send/recv, messages will be lost


###!!! [Child][RunMessage] Error: Channel closing: too late to send/recv, messages will be lost


###!!! [Child][RunMessage] Error: Channel closing: too late to send/recv, messages will be lost

1595517828984	mozrunner::runner	INFO	Running command: "/usr/bin/firefox" "-marionette" "-headless" "-foreground" "-no-remote" "-profile" "/tmp/rust_mozprofiletEdzN5"
*** You are running in headless mode.
1595517832721	Marionette	INFO	Listening on port 46697
1595517832797	Marionette	WARN	TLS certificate errors will be ignored for this session
JavaScript error: , line 0: TypeError: NetworkError when attempting to fetch resource.
1595517837825	Marionette	WARN	TimedPromise timed out after 500 ms: stacktrace:
TimedPromise/<@chrome://marionette/content/sync.js:245:13
TimedPromise@chrome://marionette/content/sync.js:230:10
interaction.flushEventLoop@chrome://marionette/content/interaction.js:416:10
webdriverClickElement@chrome://marionette/content/interaction.js:182:31
1595518019433	Marionette	INFO	Stopped listening on port 46697
1595518825105	mozrunner::runner	INFO	Running command: "/usr/bin/firefox" "-marionette" "-headless" "-foreground" "-no-remote" "-profile" "/tmp/rust_mozprofile5HCZHl"
*** You are running in headless mode.
1595518828634	Marionette	INFO	Listening on port 45199
1595518828715	Marionette	WARN	TLS certificate errors will be ignored for this session
JavaScript error: , line 0: TypeError: NetworkError when attempting to fetch resource.
1595519017204	Marionette	INFO	Stopped listening on port 45199
1595844887825	mozrunner::runner	INFO	Running command: "/usr/bin/firefox" "-marionette" "-headless" "-foreground" "-no-remote" "-profile" "/tmp/rust_mozprofileTQx4yP"
*** You are running in headless mode.
1595844898166	Marionette	INFO	Listening on port 33945
1595844898191	Marionette	WARN	TLS certificate errors will be ignored for this session
JavaScript error: , line 0: TypeError: NetworkError when attempting to fetch resource.
1595844904049	Marionette	WARN	TimedPromise timed out after 500 ms: stacktrace:
TimedPromise/<@chrome://marionette/content/sync.js:245:13
TimedPromise@chrome://marionette/content/sync.js:230:10
interaction.flushEventLoop@chrome://marionette/content/interaction.js:416:10
webdriverClickElement@chrome://marionette/content/interaction.js:182:31
1595845090521	Marionette	INFO	Stopped listening on port 33945
1596029193418	mozrunner::runner	INFO	Running command: "/usr/bin/firefox" "-marionette" "-headless" "-foreground" "-no-remote" "-profile" "/tmp/rust_mozprofile4BfruV"
*** You are running in headless mode.
1596029203966	Marionette	INFO	Listening on port 38221
1596029204069	Marionette	WARN	TLS certificate errors will be ignored for this session
1596029397722	Marionette	INFO	Stopped listening on port 38221

###!!! [Parent][RunMessage] Error: Channel closing: too late to send/recv, messages will be lost

